Release 14.7 - xst P.20131013 (nt64)
Copyright (c) 1995-2013 Xilinx, Inc.  All rights reserved.
--> Parameter TMPDIR set to xst/projnav.tmp


Total REAL time to Xst completion: 0.00 secs
Total CPU time to Xst completion: 0.10 secs
 
--> Parameter xsthdpdir set to xst


Total REAL time to Xst completion: 0.00 secs
Total CPU time to Xst completion: 0.10 secs
 
--> Reading design: ALU.prj

TABLE OF CONTENTS
  1) Synthesis Options Summary
  2) HDL Compilation
  3) Design Hierarchy Analysis
  4) HDL Analysis
  5) HDL Synthesis
     5.1) HDL Synthesis Report
  6) Advanced HDL Synthesis
     6.1) Advanced HDL Synthesis Report
  7) Low Level Synthesis
  8) Partition Report
  9) Final Report
	9.1) Device utilization summary
	9.2) Partition Resource Summary
	9.3) TIMING REPORT


=========================================================================
*                      Synthesis Options Summary                        *
=========================================================================
---- Source Parameters
Input File Name                    : "ALU.prj"
Input Format                       : mixed
Ignore Synthesis Constraint File   : NO

---- Target Parameters
Output File Name                   : "ALU"
Output Format                      : NGC
Target Device                      : xa3s50-4-vqg100

---- Source Options
Top Module Name                    : ALU
Automatic FSM Extraction           : YES
FSM Encoding Algorithm             : Auto
Safe Implementation                : No
FSM Style                          : LUT
RAM Extraction                     : Yes
RAM Style                          : Auto
ROM Extraction                     : Yes
Mux Style                          : Auto
Decoder Extraction                 : YES
Priority Encoder Extraction        : Yes
Shift Register Extraction          : YES
Logical Shifter Extraction         : YES
XOR Collapsing                     : YES
ROM Style                          : Auto
Mux Extraction                     : Yes
Resource Sharing                   : YES
Asynchronous To Synchronous        : NO
Multiplier Style                   : Auto
Automatic Register Balancing       : No

---- Target Options
Add IO Buffers                     : YES
Global Maximum Fanout              : 100000
Add Generic Clock Buffer(BUFG)     : 8
Register Duplication               : YES
Slice Packing                      : YES
Optimize Instantiated Primitives   : NO
Use Clock Enable                   : Auto
Use Synchronous Set                : Auto
Use Synchronous Reset              : Auto
Pack IO Registers into IOBs        : Auto
Equivalent register Removal        : YES

---- General Options
Optimization Goal                  : Speed
Optimization Effort                : 1
Keep Hierarchy                     : No
Netlist Hierarchy                  : As_Optimized
RTL Output                         : Yes
Global Optimization                : AllClockNets
Read Cores                         : YES
Write Timing Constraints           : NO
Cross Clock Analysis               : NO
Hierarchy Separator                : /
Bus Delimiter                      : <>
Case Specifier                     : Maintain
Slice Utilization Ratio            : 100
BRAM Utilization Ratio             : 100
Verilog 2001                       : YES
Auto BRAM Packing                  : NO
Slice Utilization Ratio Delta      : 5

=========================================================================


=========================================================================
*                          HDL Compilation                              *
=========================================================================
Compiling verilog file "ALU.v" in library work
Module <ALU> compiled
No errors in compilation
Analysis of file <"ALU.prj"> succeeded.
 

=========================================================================
*                     Design Hierarchy Analysis                         *
=========================================================================
Analyzing hierarchy for module <ALU> in library <work>.


=========================================================================
*                            HDL Analysis                               *
=========================================================================
Analyzing top module <ALU>.
Module <ALU> is correct for synthesis.
 

=========================================================================
*                           HDL Synthesis                               *
=========================================================================

Performing bidirectional port resolution...

Synthesizing Unit <ALU>.
    Related source file is "ALU.v".
    Found 32-bit 16-to-1 multiplexer for signal <res>.
    Found 32-bit addsub for signal <res$addsub0000>.
    Found 32-bit comparator equal for signal <res$cmp_eq0000> created at line 42.
    Found 32-bit comparator less for signal <res$cmp_lt0000> created at line 43.
    Found 32-bit comparator less for signal <res$cmp_lt0001> created at line 44.
    Found 32-bit shifter logical right for signal <res$shift0000> created at line 39.
    Found 32-bit shifter arithmetic right for signal <res$shift0001> created at line 40.
    Found 32-bit shifter logical left for signal <res$shift0002> created at line 41.
    Found 32-bit xor2 for signal <res$xor0000> created at line 37.
    Summary:
	inferred   1 Adder/Subtractor(s).
	inferred   3 Comparator(s).
	inferred  32 Multiplexer(s).
	inferred   3 Combinational logic shifter(s).
Unit <ALU> synthesized.

INFO:Xst:1767 - HDL ADVISOR - Resource sharing has identified that some arithmetic operations in this design can share the same physical resources for reduced device utilization. For improved clock frequency you may try to disable resource sharing.

=========================================================================
HDL Synthesis Report

Macro Statistics
# Adders/Subtractors                                   : 1
 32-bit addsub                                         : 1
# Comparators                                          : 3
 32-bit comparator equal                               : 1
 32-bit comparator less                                : 2
# Multiplexers                                         : 1
 32-bit 16-to-1 multiplexer                            : 1
# Logic shifters                                       : 3
 32-bit shifter arithmetic right                       : 1
 32-bit shifter logical left                           : 1
 32-bit shifter logical right                          : 1
# Xors                                                 : 1
 32-bit xor2                                           : 1

=========================================================================

=========================================================================
*                       Advanced HDL Synthesis                          *
=========================================================================


=========================================================================
Advanced HDL Synthesis Report

Macro Statistics
# Adders/Subtractors                                   : 1
 32-bit addsub                                         : 1
# Comparators                                          : 3
 32-bit comparator equal                               : 1
 32-bit comparator less                                : 2
# Multiplexers                                         : 1
 32-bit 16-to-1 multiplexer                            : 1
# Logic shifters                                       : 3
 32-bit shifter arithmetic right                       : 1
 32-bit shifter logical left                           : 1
 32-bit shifter logical right                          : 1
# Xors                                                 : 1
 32-bit xor2                                           : 1

=========================================================================

=========================================================================
*                         Low Level Synthesis                           *
=========================================================================

Optimizing unit <ALU> ...

Mapping all equations...
Building and optimizing final netlist ...
Found area constraint ratio of 100 (+ 5) on block ALU, actual ratio is 66.

Final Macro Processing ...

=========================================================================
Final Register Report

Found no macro
=========================================================================

=========================================================================
*                           Partition Report                            *
=========================================================================

Partition Implementation Status
-------------------------------

  No Partitions were found in this design.

-------------------------------

=========================================================================
*                            Final Report                               *
=========================================================================
Final Results
RTL Top Level Output File Name     : ALU.ngr
Top Level Output File Name         : ALU
Output Format                      : NGC
Optimization Goal                  : Speed
Keep Hierarchy                     : No

Design Statistics
# IOs                              : 101

Cell Usage :
# BELS                             : 932
#      GND                         : 1
#      INV                         : 31
#      LUT1                        : 1
#      LUT2                        : 76
#      LUT3                        : 246
#      LUT4                        : 284
#      MUXCY                       : 119
#      MUXF5                       : 138
#      MUXF6                       : 2
#      MUXF7                       : 1
#      VCC                         : 1
#      XORCY                       : 32
# IO Buffers                       : 101
#      IBUF                        : 68
#      OBUF                        : 33
=========================================================================

Device utilization summary:
---------------------------

Selected Device : xa3s50vqg100-4 

 Number of Slices:                      322  out of    768    41%  
 Number of 4 input LUTs:                638  out of   1536    41%  
 Number of IOs:                         101
 Number of bonded IOBs:                 101  out of     63   160% (*) 

WARNING:Xst:1336 -  (*) More than 100% of Device resources are used

---------------------------
Partition Resource Summary:
---------------------------

  No Partitions were found in this design.

---------------------------


=========================================================================
TIMING REPORT

NOTE: THESE TIMING NUMBERS ARE ONLY A SYNTHESIS ESTIMATE.
      FOR ACCURATE TIMING INFORMATION PLEASE REFER TO THE TRACE REPORT
      GENERATED AFTER PLACE-and-ROUTE.

Clock Information:
------------------
No clock signals found in this design

Asynchronous Control Signals Information:
----------------------------------------
No asynchronous control signals found in this design

Timing Summary:
---------------
Speed Grade: -4

   Minimum period: No path found
   Minimum input arrival time before clock: No path found
   Maximum output required time after clock: No path found
   Maximum combinational path delay: 22.239ns

Timing Detail:
--------------
All values displayed in nanoseconds (ns)

=========================================================================
Timing constraint: Default path analysis
  Total number of paths / destination ports: 17084 / 33
-------------------------------------------------------------------------
Delay:               22.239ns (Levels of Logic = 18)
  Source:            op1<1> (PAD)
  Destination:       zero (PAD)

  Data Path: op1<1> to zero
                                Gate     Net
    Cell:in->out      fanout   Delay   Delay  Logical Name (Net Name)
    ----------------------------------------  ------------
     IBUF:I->O            86   0.821   2.501  op1_1_IBUF (op1_1_IBUF)
     LUT3:I0->O            3   0.551   1.102  Sh8241 (Sh82_bdd4)
     LUT3:I1->O            3   0.551   0.933  Sh9027 (Sh9027)
     LUT4:I3->O            1   0.551   0.000  Sh902311 (Sh90231)
     MUXF5:I1->O           2   0.360   0.945  Sh90231_f5 (Sh90_bdd0)
     LUT4:I2->O            1   0.551   0.000  Sh94184_G (N201)
     MUXF5:I1->O           1   0.360   1.140  Sh94184 (Sh94)
     LUT2:I0->O            1   0.551   1.140  Mmux_res_823 (Mmux_res_823)
     LUT4:I0->O            1   0.551   0.000  Mmux_res_322 (Mmux_res_322)
     MUXF5:I1->O           2   0.360   1.216  Mmux_res_2_f5_21 (result<30>1)
     LUT4:I0->O            1   0.551   0.000  zero_wg_lut<2> (zero_wg_lut<2>)
     MUXCY:S->O            1   0.500   0.000  zero_wg_cy<2> (zero_wg_cy<2>)
     MUXCY:CI->O           1   0.064   0.000  zero_wg_cy<3> (zero_wg_cy<3>)
     MUXCY:CI->O           1   0.064   0.000  zero_wg_cy<4> (zero_wg_cy<4>)
     MUXCY:CI->O           1   0.064   0.000  zero_wg_cy<5> (zero_wg_cy<5>)
     MUXCY:CI->O           1   0.064   0.000  zero_wg_cy<6> (zero_wg_cy<6>)
     MUXCY:CI->O           1   0.303   0.801  zero_wg_cy<7> (zero_OBUF)
     OBUF:I->O                 5.644          zero_OBUF (zero)
    ----------------------------------------
    Total                     22.239ns (12.461ns logic, 9.778ns route)
                                       (56.0% logic, 44.0% route)

=========================================================================


Total REAL time to Xst completion: 5.00 secs
Total CPU time to Xst completion: 5.29 secs
 
--> 

Total memory usage is 4520940 kilobytes

Number of errors   :    0 (   0 filtered)
Number of warnings :    1 (   0 filtered)
Number of infos    :    1 (   0 filtered)

