Release 14.7 - xst P.20131013 (nt)
Copyright (c) 1995-2013 Xilinx, Inc.  All rights reserved.
--> Parameter TMPDIR set to xst/projnav.tmp


Total REAL time to Xst completion: 0.00 secs
Total CPU time to Xst completion: 0.11 secs
 
--> Parameter xsthdpdir set to xst


Total REAL time to Xst completion: 0.00 secs
Total CPU time to Xst completion: 0.11 secs
 
--> Reading design: mips.prj

TABLE OF CONTENTS
  1) Synthesis Options Summary
  2) HDL Parsing
  3) HDL Elaboration
  4) HDL Synthesis
       4.1) HDL Synthesis Report
  5) Advanced HDL Synthesis
       5.1) Advanced HDL Synthesis Report
  6) Low Level Synthesis
  7) Partition Report
  8) Design Summary
       8.1) Primitive and Black Box Usage
       8.2) Device utilization summary
       8.3) Partition Resource Summary
       8.4) Timing Report
            8.4.1) Clock Information
            8.4.2) Asynchronous Control Signals Information
            8.4.3) Timing Summary
            8.4.4) Timing Details
            8.4.5) Cross Clock Domains Report


=========================================================================
*                      Synthesis Options Summary                        *
=========================================================================
---- Source Parameters
Input File Name                    : "mips.prj"
Ignore Synthesis Constraint File   : NO

---- Target Parameters
Output File Name                   : "mips"
Output Format                      : NGC
Target Device                      : xa6slx4-3-csg225

---- Source Options
Top Module Name                    : mips
Automatic FSM Extraction           : YES
FSM Encoding Algorithm             : Auto
Safe Implementation                : No
FSM Style                          : LUT
RAM Extraction                     : Yes
RAM Style                          : Auto
ROM Extraction                     : Yes
Shift Register Extraction          : YES
ROM Style                          : Auto
Resource Sharing                   : YES
Asynchronous To Synchronous        : NO
Shift Register Minimum Size        : 2
Use DSP Block                      : Auto
Automatic Register Balancing       : No

---- Target Options
LUT Combining                      : Auto
Reduce Control Sets                : Auto
Add IO Buffers                     : YES
Global Maximum Fanout              : 100000
Add Generic Clock Buffer(BUFG)     : 16
Register Duplication               : YES
Optimize Instantiated Primitives   : NO
Use Clock Enable                   : Auto
Use Synchronous Set                : Auto
Use Synchronous Reset              : Auto
Pack IO Registers into IOBs        : Auto
Equivalent register Removal        : YES

---- General Options
Optimization Goal                  : Speed
Optimization Effort                : 1
Power Reduction                    : NO
Keep Hierarchy                     : No
Netlist Hierarchy                  : As_Optimized
RTL Output                         : Yes
Global Optimization                : AllClockNets
Read Cores                         : YES
Write Timing Constraints           : NO
Cross Clock Analysis               : NO
Hierarchy Separator                : /
Bus Delimiter                      : <>
Case Specifier                     : Maintain
Slice Utilization Ratio            : 100
BRAM Utilization Ratio             : 100
DSP48 Utilization Ratio            : 100
Auto BRAM Packing                  : NO
Slice Utilization Ratio Delta      : 5

=========================================================================


=========================================================================
*                          HDL Parsing                                  *
=========================================================================
Analyzing Verilog file "C:/Users/Michael Octavianus K/Desktop/P5/ext.v" into library work
Parsing module <ext>.
Parsing module <extbyte>.
Analyzing Verilog file "C:/Users/Michael Octavianus K/Desktop/P5/pipelineregs.v" into library work
Parsing module <preg1>.
Parsing module <preg5>.
Parsing module <preg32>.
Analyzing Verilog file "C:/Users/Michael Octavianus K/Desktop/P5/PC.v" into library work
Parsing module <PC>.
Analyzing Verilog file "C:/Users/Michael Octavianus K/Desktop/P5/IM.v" into library work
Parsing module <Instr_Memory>.
Analyzing Verilog file "C:/Users/Michael Octavianus K/Desktop/P5/GRF.v" into library work
Parsing module <GRF>.
Analyzing Verilog file "C:/Users/Michael Octavianus K/Desktop/P5/DM_8bit.v" into library work
Parsing module <DM_8bit>.
Analyzing Verilog file "C:/Users/Michael Octavianus K/Desktop/P5/Controller.v" into library work
Parsing module <Controller>.
Analyzing Verilog file "C:/Users/Michael Octavianus K/Desktop/P5/conflict.v" into library work
Parsing module <conflict>.
Analyzing Verilog file "C:/Users/Michael Octavianus K/Desktop/P5/compare.v" into library work
Parsing module <compare>.
Analyzing Verilog file "C:/Users/Michael Octavianus K/Desktop/P5/ALU.v" into library work
Parsing module <ALU>.
Analyzing Verilog file "C:/Users/Michael Octavianus K/Desktop/P5/mips.v" into library work
Parsing module <mips>.

=========================================================================
*                            HDL Elaboration                            *
=========================================================================

Elaborating module <mips>.

Elaborating module <PC>.

Elaborating module <Instr_Memory>.
Reading initialization file \"code.txt\".
WARNING:HDLCompiler:1670 - "C:/Users/Michael Octavianus K/Desktop/P5/IM.v" Line 10: Signal <rom> in initial block is partially initialized.

Elaborating module <preg32>.

Elaborating module <Controller>.
WARNING:HDLCompiler:1127 - "C:/Users/Michael Octavianus K/Desktop/P5/mips.v" Line 94: Assignment to RegSrcD ignored, since the identifier is never used

Elaborating module <GRF>.
"C:/Users/Michael Octavianus K/Desktop/P5/GRF.v" Line 29. $display  32'b................................ 5'b..... 32'b................................

Elaborating module <ext>.

Elaborating module <compare>.

Elaborating module <preg5>.

Elaborating module <preg1>.
WARNING:HDLCompiler:1127 - "C:/Users/Michael Octavianus K/Desktop/P5/mips.v" Line 146: Assignment to MemWriteE ignored, since the identifier is never used
WARNING:HDLCompiler:413 - "C:/Users/Michael Octavianus K/Desktop/P5/mips.v" Line 148: Result of 32-bit expression is truncated to fit in 5-bit target.

Elaborating module <ALU>.
WARNING:HDLCompiler:1127 - "C:/Users/Michael Octavianus K/Desktop/P5/mips.v" Line 191: Assignment to JumpM ignored, since the identifier is never used

Elaborating module <DM_8bit>.
"C:/Users/Michael Octavianus K/Desktop/P5/DM_8bit.v" Line 28. $display  32'b................................ 32'sb000000000000000000............00 32'b................................
"C:/Users/Michael Octavianus K/Desktop/P5/DM_8bit.v" Line 32. $display  32'b................................ 32'sb000000000000000000............00 32'b................................
"C:/Users/Michael Octavianus K/Desktop/P5/DM_8bit.v" Line 36. $display  32'b................................ 32'sb000000000000000000............00 32'b................................

Elaborating module <extbyte>.
WARNING:HDLCompiler:1127 - "C:/Users/Michael Octavianus K/Desktop/P5/mips.v" Line 209: Assignment to JumpW ignored, since the identifier is never used

Elaborating module <conflict>.
WARNING:HDLCompiler:413 - "C:/Users/Michael Octavianus K/Desktop/P5/conflict.v" Line 51: Result of 32-bit expression is truncated to fit in 2-bit target.
WARNING:HDLCompiler:413 - "C:/Users/Michael Octavianus K/Desktop/P5/conflict.v" Line 54: Result of 32-bit expression is truncated to fit in 2-bit target.
WARNING:HDLCompiler:413 - "C:/Users/Michael Octavianus K/Desktop/P5/conflict.v" Line 58: Result of 32-bit expression is truncated to fit in 2-bit target.
WARNING:HDLCompiler:413 - "C:/Users/Michael Octavianus K/Desktop/P5/conflict.v" Line 60: Result of 32-bit expression is truncated to fit in 2-bit target.
